<?xml version="1.0" encoding="UTF-8"?>
<!-- Generated by org.testng.reporters.JUnitReportReporter -->
<testsuite hostname="MT-PF23ZG5Z" failures="0" tests="1" name="scripts.ContactPage_3" time="11.749" errors="0" timestamp="17 Aug 2022 04:20:32 GMT" skipped="0">
  <testcase classname="scripts.ContactPage_3" name="Contact_Page" time="11.749"/>
</testsuite> <!-- scripts.ContactPage_3 -->
