<?xml version="1.0" encoding="UTF-8"?>
<!-- Generated by org.testng.reporters.JUnitReportReporter -->
<testsuite hostname="MT-PF23ZG5Z" failures="0" tests="1" name="scripts.Careers_4" time="5.386" errors="0" timestamp="16 Aug 2022 16:33:44 GMT" skipped="0">
  <testcase classname="scripts.Careers_4" name="Careers" time="5.386"/>
</testsuite> <!-- scripts.Careers_4 -->
