<?xml version="1.0" encoding="UTF-8"?>
<!-- Generated by org.testng.reporters.JUnitReportReporter -->
<testsuite hostname="MT-PF23ZG5Z" failures="0" tests="1" name="scripts.Flights_3" time="7.579" errors="0" timestamp="16 Aug 2022 12:51:24 GMT" skipped="0">
  <testcase classname="scripts.Flights_3" name="flights" time="7.579"/>
</testsuite> <!-- scripts.Flights_3 -->
