<?xml version="1.0" encoding="UTF-8"?>
<!-- Generated by org.testng.reporters.JUnitReportReporter -->
<testsuite hostname="MT-PF23ZG5Z" failures="0" tests="1" name="scripts.BookHotel_2" time="24.183" errors="0" timestamp="17 Aug 2022 04:20:32 GMT" skipped="0">
  <testcase classname="scripts.BookHotel_2" name="BookHotel" time="24.183"/>
</testsuite> <!-- scripts.BookHotel_2 -->
