<?xml version="1.0" encoding="UTF-8"?>
<!-- Generated by org.testng.reporters.JUnitReportReporter -->
<testsuite hostname="MT-PF23ZG5Z" failures="0" tests="1" name="scripts.Login_1" time="7.280" errors="0" timestamp="17 Aug 2022 04:20:32 GMT" skipped="0">
  <testcase classname="scripts.Login_1" name="Login" time="7.280"/>
</testsuite> <!-- scripts.Login_1 -->
